{
  "timestamp": "2025-07-19T19:07:52.965Z",
  "hasCallStructure": false,
  "summary": [
    {
      "name": "simple-project",
      "path": "/Users/hidenorigoto/work/middleofnowhere/call-structure-ts/examples/simple-project",
      "exists": true,
      "hasPackageJson": true,
      "hasTsConfig": true,
      "hasReadme": false,
      "tsCompilation": {
        "success": false,
        "output": "../../node_modules/@types/glob/index.d.ts(29,42): error TS2694: Namespace '\"/Users/hidenorigoto/work/middleofnowhere/call-structure-ts/node_modules/minimatch/dist/cjs/index\"' has no exported member 'IOptions'.\n../../node_modules/@types/glob/index.d.ts(75,30): error TS2724: '\"/Users/hidenorigoto/work/middleofnowhere/call-structure-ts/node_modules/minimatch/dist/cjs/index\"' has no exported member named 'IMinimatch'. Did you mean 'Minimatch'?\n"
      },
      "structure": {
        "srcExists": true,
        "fileCount": 5,
        "files": [
          "index.ts",
          "main.ts",
          "services/UserService.ts",
          "services/ValidationService.ts",
          "utils/logger.ts"
        ]
      },
      "analysisTest": null
    },
    {
      "name": "async-patterns",
      "path": "/Users/hidenorigoto/work/middleofnowhere/call-structure-ts/examples/async-patterns",
      "exists": true,
      "hasPackageJson": false,
      "hasTsConfig": true,
      "hasReadme": false,
      "tsCompilation": {
        "success": true
      },
      "structure": {
        "srcExists": false
      },
      "analysisTest": null
    },
    {
      "name": "circular-deps",
      "path": "/Users/hidenorigoto/work/middleofnowhere/call-structure-ts/examples/circular-deps",
      "exists": true,
      "hasPackageJson": false,
      "hasTsConfig": true,
      "hasReadme": false,
      "tsCompilation": {
        "success": true
      },
      "structure": {
        "srcExists": false
      },
      "analysisTest": null
    },
    {
      "name": "ddd-example",
      "path": "/Users/hidenorigoto/work/middleofnowhere/call-structure-ts/examples/ddd-example",
      "exists": true,
      "hasPackageJson": true,
      "hasTsConfig": true,
      "hasReadme": true,
      "tsCompilation": {
        "success": true
      },
      "structure": {
        "srcExists": true,
        "fileCount": 24,
        "files": [
          "main.ts",
          "application/dto/CreateOrderDTO.ts",
          "application/services/NotificationService.ts",
          "application/services/OrderService.ts",
          "application/use-cases/CreateOrderUseCase.ts",
          "domain/aggregates/OrderAggregate.ts",
          "domain/entities/Customer.ts",
          "domain/entities/Order.ts",
          "domain/entities/Payment.ts",
          "domain/entities/Product.ts"
        ]
      },
      "analysisTest": null
    },
    {
      "name": "express-api",
      "path": "/Users/hidenorigoto/work/middleofnowhere/call-structure-ts/examples/express-api",
      "exists": true,
      "hasPackageJson": true,
      "hasTsConfig": true,
      "hasReadme": true,
      "tsCompilation": {
        "success": false,
        "output": "src/controllers/authController.ts(1,49): error TS2307: Cannot find module 'express' or its corresponding type declarations.\nsrc/controllers/productController.ts(1,49): error TS2307: Cannot find module 'express' or its corresponding type declarations.\nsrc/controllers/userController.ts(1,49): error TS2307: Cannot find module 'express' or its corresponding type declarations.\nsrc/middleware/adminOnly.ts(1,49): error TS2307: Cannot find module 'express' or its corresponding type declarations.\nsrc/middleware/auth.ts(1,49): error TS2307: Cannot find module 'express' or its corresponding type declarations.\nsrc/middleware/auth.ts(2,17): error TS2307: Cannot find module 'jsonwebtoken' or its corresponding type declarations.\nsrc/middleware/errorHandler.ts(1,49): error TS2307: Cannot find module 'express' or its corresponding type declarations.\nsrc/middleware/rateLimiter.ts(1,49): error TS2307: Cannot find module 'express' or its corresponding type declarations.\nsrc/middleware/requestLogger.ts(1,49): error TS2307: Cannot find module 'express' or its corresponding type declarations.\nsrc/middleware/validateRequest.ts(1,49): error TS2307: Cannot find module 'express' or its corresponding type declarations.\nsrc/middleware/validateRequest.ts(2,34): error TS2307: Cannot find module 'express-validator' or its corresponding type declarations.\nsrc/middleware/validateRequest.ts(13,46): error TS7006: Parameter 'error' implicitly has an 'any' type.\nsrc/routes/auth.ts(1,24): error TS2307: Cannot find module 'express' or its corresponding type declarations.\nsrc/routes/auth.ts(2,22): error TS2307: Cannot find module 'express-validator' or its corresponding type declarations.\nsrc/routes/products.ts(1,24): error TS2307: Cannot find module 'express' or its corresponding type declarations.\nsrc/routes/products.ts(2,36): error TS2307: Cannot find module 'express-validator' or its corresponding type declarations.\nsrc/routes/users.ts(1,24): error TS2307: Cannot find module 'express' or its corresponding type declarations.\nsrc/routes/users.ts(2,36): error TS2307: Cannot find module 'express-validator' or its corresponding type declarations.\nsrc/server.ts(1,21): error TS2307: Cannot find module 'express' or its corresponding type declarations.\nsrc/server.ts(2,18): error TS2307: Cannot find module 'cors' or its corresponding type declarations.\nsrc/server.ts(3,20): error TS2307: Cannot find module 'helmet' or its corresponding type declarations.\nsrc/server.ts(4,20): error TS2307: Cannot find module 'dotenv' or its corresponding type declarations.\nsrc/server.ts(39,23): error TS7006: Parameter 'req' implicitly has an 'any' type.\nsrc/server.ts(39,28): error TS7006: Parameter 'res' implicitly has an 'any' type.\nsrc/services/authService.ts(1,20): error TS2307: Cannot find module 'bcrypt' or its corresponding type declarations.\nsrc/services/database.ts(31,11): error TS2300: Duplicate identifier 'users'.\nsrc/services/database.ts(32,11): error TS2300: Duplicate identifier 'products'.\nsrc/services/database.ts(55,7): error TS2300: Duplicate identifier 'users'.\nsrc/services/database.ts(136,7): error TS2300: Duplicate identifier 'products'.\nsrc/services/productService.ts(47,15): error TS2341: Property 'products' is private and only accessible within class 'DatabaseService'.\nsrc/services/productService.ts(47,24): error TS2339: Property 'findMany' does not exist on type 'Map<string, MockProduct>'.\nsrc/services/productService.ts(53,15): error TS2341: Property 'products' is private and only accessible within class 'DatabaseService'.\nsrc/services/productService.ts(53,24): error TS2339: Property 'count' does not exist on type 'Map<string, MockProduct>'.\nsrc/services/productService.ts(65,20): error TS2341: Property 'products' is private and only accessible within class 'DatabaseService'.\nsrc/services/productService.ts(65,29): error TS2339: Property 'findUnique' does not exist on type 'Map<string, MockProduct>'.\nsrc/services/productService.ts(71,20): error TS2341: Property 'products' is private and only accessible within class 'DatabaseService'.\nsrc/services/productService.ts(71,29): error TS2339: Property 'findUnique' does not exist on type 'Map<string, MockProduct>'.\nsrc/services/productService.ts(77,20): error TS2341: Property 'products' is private and only accessible within class 'DatabaseService'.\nsrc/services/productService.ts(77,29): error TS2339: Property 'create' does not exist on type 'Map<string, MockProduct>'.\nsrc/services/productService.ts(83,20): error TS2341: Property 'products' is private and only accessible within class 'DatabaseService'.\nsrc/services/productService.ts(83,29): error TS2339: Property 'update' does not exist on type 'Map<string, MockProduct>'.\nsrc/services/productService.ts(98,19): error TS2341: Property 'products' is private and only accessible within class 'DatabaseService'.\nsrc/services/productService.ts(98,35): error TS2345: Argument of type '{ where: { id: string; }; }' is not assignable to parameter of type 'string'.\nsrc/services/productService.ts(104,36): error TS2341: Property 'products' is private and only accessible within class 'DatabaseService'.\nsrc/services/productService.ts(104,45): error TS2339: Property 'findMany' does not exist on type 'Map<string, MockProduct>'.\nsrc/services/productService.ts(105,45): error TS7006: Parameter 'p' implicitly has an 'any' type.\nsrc/services/productService.ts(106,5): error TS2322: Type 'unknown[]' is not assignable to type 'string[]'.\n  Type 'unknown' is not assignable to type 'string'.\nsrc/services/productService.ts(110,36): error TS2341: Property 'products' is private and only accessible within class 'DatabaseService'.\nsrc/services/productService.ts(110,45): error TS2339: Property 'findMany' does not exist on type 'Map<string, MockProduct>'.\nsrc/services/productService.ts(135,26): error TS7006: Parameter 'sum' implicitly has an 'any' type.\nsrc/services/productService.ts(135,31): error TS7006: Parameter 'p' implicitly has an 'any' type.\nsrc/services/tokenService.ts(1,17): error TS2307: Cannot find module 'jsonwebtoken' or its corresponding type declarations.\nsrc/services/userService.ts(1,20): error TS2307: Cannot find module 'bcrypt' or its corresponding type declarations.\nsrc/services/userService.ts(24,15): error TS2341: Property 'users' is private and only accessible within class 'DatabaseService'.\nsrc/services/userService.ts(24,21): error TS2339: Property 'findMany' does not exist on type 'Map<string, MockUser>'.\nsrc/services/userService.ts(38,15): error TS2341: Property 'users' is private and only accessible within class 'DatabaseService'.\nsrc/services/userService.ts(38,21): error TS2339: Property 'count' does not exist on type 'Map<string, MockUser>'.\nsrc/services/userService.ts(50,32): error TS2341: Property 'users' is private and only accessible within class 'DatabaseService'.\nsrc/services/userService.ts(50,38): error TS2339: Property 'findUnique' does not exist on type 'Map<string, MockUser>'.\nsrc/services/userService.ts(69,32): error TS2341: Property 'users' is private and only accessible within class 'DatabaseService'.\nsrc/services/userService.ts(69,38): error TS2339: Property 'findUnique' does not exist on type 'Map<string, MockUser>'.\nsrc/services/userService.ts(79,32): error TS2341: Property 'users' is private and only accessible within class 'DatabaseService'.\nsrc/services/userService.ts(79,38): error TS2339: Property 'create' does not exist on type 'Map<string, MockUser>'.\nsrc/services/userService.ts(96,32): error TS2341: Property 'users' is private and only accessible within class 'DatabaseService'.\nsrc/services/userService.ts(96,38): error TS2339: Property 'update' does not exist on type 'Map<string, MockUser>'.\nsrc/services/userService.ts(112,32): error TS2341: Property 'users' is private and only accessible within class 'DatabaseService'.\nsrc/services/userService.ts(112,38): error TS2339: Property 'findUnique' does not exist on type 'Map<string, MockUser>'.\nsrc/services/userService.ts(127,19): error TS2341: Property 'users' is private and only accessible within class 'DatabaseService'.\nsrc/services/userService.ts(127,25): error TS2339: Property 'update' does not exist on type 'Map<string, MockUser>'.\nsrc/services/userService.ts(139,19): error TS2341: Property 'users' is private and only accessible within class 'DatabaseService'.\nsrc/services/userService.ts(139,25): error TS2339: Property 'update' does not exist on type 'Map<string, MockUser>'.\nsrc/services/userService.ts(149,19): error TS2341: Property 'users' is private and only accessible within class 'DatabaseService'.\nsrc/services/userService.ts(149,32): error TS2345: Argument of type '{ where: { id: string; }; }' is not assignable to parameter of type 'string'.\nsrc/services/userService.ts(155,19): error TS2341: Property 'users' is private and only accessible within class 'DatabaseService'.\nsrc/services/userService.ts(155,25): error TS2339: Property 'update' does not exist on type 'Map<string, MockUser>'.\nsrc/services/userService.ts(165,19): error TS2341: Property 'users' is private and only accessible within class 'DatabaseService'.\nsrc/services/userService.ts(165,25): error TS2339: Property 'update' does not exist on type 'Map<string, MockUser>'.\nsrc/services/userService.ts(181,15): error TS2341: Property 'users' is private and only accessible within class 'DatabaseService'.\nsrc/services/userService.ts(181,21): error TS2339: Property 'count' does not exist on type 'Map<string, MockUser>'.\nsrc/services/userService.ts(182,15): error TS2341: Property 'users' is private and only accessible within class 'DatabaseService'.\nsrc/services/userService.ts(182,21): error TS2339: Property 'count' does not exist on type 'Map<string, MockUser>'.\nsrc/services/userService.ts(183,15): error TS2341: Property 'users' is private and only accessible within class 'DatabaseService'.\nsrc/services/userService.ts(183,21): error TS2339: Property 'count' does not exist on type 'Map<string, MockUser>'.\nsrc/services/userService.ts(184,15): error TS2341: Property 'users' is private and only accessible within class 'DatabaseService'.\nsrc/services/userService.ts(184,21): error TS2339: Property 'count' does not exist on type 'Map<string, MockUser>'.\nsrc/services/userService.ts(185,15): error TS2341: Property 'users' is private and only accessible within class 'DatabaseService'.\nsrc/services/userService.ts(185,21): error TS2339: Property 'count' does not exist on type 'Map<string, MockUser>'.\nsrc/services/userService.ts(206,32): error TS2341: Property 'users' is private and only accessible within class 'DatabaseService'.\nsrc/services/userService.ts(206,38): error TS2339: Property 'findUnique' does not exist on type 'Map<string, MockUser>'.\n"
      },
      "structure": {
        "srcExists": true,
        "fileCount": 23,
        "files": [
          "server.ts",
          "controllers/authController.ts",
          "controllers/productController.ts",
          "controllers/userController.ts",
          "middleware/adminOnly.ts",
          "middleware/auth.ts",
          "middleware/errorHandler.ts",
          "middleware/rateLimiter.ts",
          "middleware/requestLogger.ts",
          "middleware/validateRequest.ts"
        ]
      },
      "analysisTest": null
    },
    {
      "name": "react-app",
      "path": "/Users/hidenorigoto/work/middleofnowhere/call-structure-ts/examples/react-app",
      "exists": true,
      "hasPackageJson": true,
      "hasTsConfig": true,
      "hasReadme": true,
      "tsCompilation": {
        "success": false,
        "output": "src/App.tsx(1,19): error TS2307: Cannot find module 'react' or its corresponding type declarations.\nsrc/App.tsx(2,56): error TS2307: Cannot find module 'react-router-dom' or its corresponding type declarations.\nsrc/App.tsx(3,50): error TS2307: Cannot find module '@tanstack/react-query' or its corresponding type declarations.\nsrc/App.tsx(8,26): error TS2307: Cannot find module './pages/HomePage' or its corresponding type declarations.\nsrc/App.tsx(9,27): error TS2307: Cannot find module './pages/LoginPage' or its corresponding type declarations.\nsrc/App.tsx(10,31): error TS2307: Cannot find module './pages/DashboardPage' or its corresponding type declarations.\nsrc/App.tsx(11,30): error TS2307: Cannot find module './pages/ProductsPage' or its corresponding type declarations.\nsrc/App.tsx(12,35): error TS2307: Cannot find module './pages/ProductDetailPage' or its corresponding type declarations.\nsrc/App.tsx(13,33): error TS2307: Cannot find module './pages/UserProfilePage' or its corresponding type declarations.\nsrc/App.tsx(14,30): error TS2307: Cannot find module './pages/SettingsPage' or its corresponding type declarations.\nsrc/App.tsx(15,30): error TS2307: Cannot find module './pages/NotFoundPage' or its corresponding type declarations.\nsrc/App.tsx(38,5): error TS2875: This JSX tag requires the module path 'react/jsx-runtime' to exist, but none could be found. Make sure you have types for the appropriate package installed.\nsrc/components/ErrorBoundary.tsx(1,56): error TS2307: Cannot find module 'react' or its corresponding type declarations.\nsrc/components/ErrorBoundary.tsx(32,10): error TS2339: Property 'setState' does not exist on type 'ErrorBoundary'.\nsrc/components/ErrorBoundary.tsx(49,10): error TS2339: Property 'setState' does not exist on type 'ErrorBoundary'.\nsrc/components/ErrorBoundary.tsx(58,16): error TS2339: Property 'props' does not exist on type 'ErrorBoundary'.\nsrc/components/ErrorBoundary.tsx(59,16): error TS2875: This JSX tag requires the module path 'react/jsx-runtime' to exist, but none could be found. Make sure you have types for the appropriate package installed.\nsrc/components/ErrorBoundary.tsx(59,24): error TS2339: Property 'props' does not exist on type 'ErrorBoundary'.\nsrc/components/ErrorBoundary.tsx(63,9): error TS7026: JSX element implicitly has type 'any' because no interface 'JSX.IntrinsicElements' exists.\nsrc/components/ErrorBoundary.tsx(64,11): error TS7026: JSX element implicitly has type 'any' because no interface 'JSX.IntrinsicElements' exists.\nsrc/components/ErrorBoundary.tsx(65,13): error TS7026: JSX element implicitly has type 'any' because no interface 'JSX.IntrinsicElements' exists.\nsrc/components/ErrorBoundary.tsx(65,37): error TS7026: JSX element implicitly has type 'any' because no interface 'JSX.IntrinsicElements' exists.\nsrc/components/ErrorBoundary.tsx(66,13): error TS7026: JSX element implicitly has type 'any' because no interface 'JSX.IntrinsicElements' exists.\nsrc/components/ErrorBoundary.tsx(66,63): error TS7026: JSX element implicitly has type 'any' because no interface 'JSX.IntrinsicElements' exists.\nsrc/components/ErrorBoundary.tsx(69,15): error TS7026: JSX element implicitly has type 'any' because no interface 'JSX.IntrinsicElements' exists.\nsrc/components/ErrorBoundary.tsx(70,17): error TS7026: JSX element implicitly has type 'any' because no interface 'JSX.IntrinsicElements' exists.\nsrc/components/ErrorBoundary.tsx(70,39): error TS7026: JSX element implicitly has type 'any' because no interface 'JSX.IntrinsicElements' exists.\nsrc/components/ErrorBoundary.tsx(71,17): error TS7026: JSX element implicitly has type 'any' because no interface 'JSX.IntrinsicElements' exists.\nsrc/components/ErrorBoundary.tsx(71,51): error TS7026: JSX element implicitly has type 'any' because no interface 'JSX.IntrinsicElements' exists.\nsrc/components/ErrorBoundary.tsx(73,19): error TS7026: JSX element implicitly has type 'any' because no interface 'JSX.IntrinsicElements' exists.\nsrc/components/ErrorBoundary.tsx(73,61): error TS7026: JSX element implicitly has type 'any' because no interface 'JSX.IntrinsicElements' exists.\nsrc/components/ErrorBoundary.tsx(75,15): error TS7026: JSX element implicitly has type 'any' because no interface 'JSX.IntrinsicElements' exists.\nsrc/components/ErrorBoundary.tsx(78,13): error TS7026: JSX element implicitly has type 'any' because no interface 'JSX.IntrinsicElements' exists.\nsrc/components/ErrorBoundary.tsx(79,15): error TS7026: JSX element implicitly has type 'any' because no interface 'JSX.IntrinsicElements' exists.\nsrc/components/ErrorBoundary.tsx(81,15): error TS7026: JSX element implicitly has type 'any' because no interface 'JSX.IntrinsicElements' exists.\nsrc/components/ErrorBoundary.tsx(82,15): error TS7026: JSX element implicitly has type 'any' because no interface 'JSX.IntrinsicElements' exists.\nsrc/components/ErrorBoundary.tsx(84,15): error TS7026: JSX element implicitly has type 'any' because no interface 'JSX.IntrinsicElements' exists.\nsrc/components/ErrorBoundary.tsx(85,13): error TS7026: JSX element implicitly has type 'any' because no interface 'JSX.IntrinsicElements' exists.\nsrc/components/ErrorBoundary.tsx(86,11): error TS7026: JSX element implicitly has type 'any' because no interface 'JSX.IntrinsicElements' exists.\nsrc/components/ErrorBoundary.tsx(87,9): error TS7026: JSX element implicitly has type 'any' because no interface 'JSX.IntrinsicElements' exists.\nsrc/components/ErrorBoundary.tsx(91,17): error TS2339: Property 'props' does not exist on type 'ErrorBoundary'.\nsrc/components/Header.tsx(1,19): error TS2307: Cannot find module 'react' or its corresponding type declarations.\nsrc/components/Header.tsx(2,22): error TS2307: Cannot find module 'react-router-dom' or its corresponding type declarations.\nsrc/components/Header.tsx(17,5): error TS7026: JSX element implicitly has type 'any' because no interface 'JSX.IntrinsicElements' exists.\nsrc/components/Header.tsx(17,5): error TS2875: This JSX tag requires the module path 'react/jsx-runtime' to exist, but none could be found. Make sure you have types for the appropriate package installed.\nsrc/components/Header.tsx(18,7): error TS7026: JSX element implicitly has type 'any' because no interface 'JSX.IntrinsicElements' exists.\nsrc/components/Header.tsx(19,9): error TS7026: JSX element implicitly has type 'any' because no interface 'JSX.IntrinsicElements' exists.\nsrc/components/Header.tsx(21,9): error TS7026: JSX element implicitly has type 'any' because no interface 'JSX.IntrinsicElements' exists.\nsrc/components/Header.tsx(22,9): error TS7026: JSX element implicitly has type 'any' because no interface 'JSX.IntrinsicElements' exists.\nsrc/components/Header.tsx(24,9): error TS7026: JSX element implicitly has type 'any' because no interface 'JSX.IntrinsicElements' exists.\nsrc/components/Header.tsx(25,7): error TS7026: JSX element implicitly has type 'any' because no interface 'JSX.IntrinsicElements' exists.\nsrc/components/Header.tsx(27,7): error TS7026: JSX element implicitly has type 'any' because no interface 'JSX.IntrinsicElements' exists.\nsrc/components/Header.tsx(35,7): error TS7026: JSX element implicitly has type 'any' because no interface 'JSX.IntrinsicElements' exists.\nsrc/components/Header.tsx(37,7): error TS7026: JSX element implicitly has type 'any' because no interface 'JSX.IntrinsicElements' exists.\nsrc/components/Header.tsx(38,9): error TS7026: JSX element implicitly has type 'any' because no interface 'JSX.IntrinsicElements' exists.\nsrc/components/Header.tsx(40,9): error TS7026: JSX element implicitly has type 'any' because no interface 'JSX.IntrinsicElements' exists.\nsrc/components/Header.tsx(45,41): error TS7026: JSX element implicitly has type 'any' because no interface 'JSX.IntrinsicElements' exists.\nsrc/components/Header.tsx(45,81): error TS7026: JSX element implicitly has type 'any' because no interface 'JSX.IntrinsicElements' exists.\nsrc/components/Header.tsx(47,13): error TS7026: JSX element implicitly has type 'any' because no interface 'JSX.IntrinsicElements' exists.\nsrc/components/Header.tsx(48,15): error TS7026: JSX element implicitly has type 'any' because no interface 'JSX.IntrinsicElements' exists.\nsrc/components/Header.tsx(48,33): error TS7026: JSX element implicitly has type 'any' because no interface 'JSX.IntrinsicElements' exists.\nsrc/components/Header.tsx(49,15): error TS7026: JSX element implicitly has type 'any' because no interface 'JSX.IntrinsicElements' exists.\nsrc/components/Header.tsx(49,46): error TS7026: JSX element implicitly has type 'any' because no interface 'JSX.IntrinsicElements' exists.\nsrc/components/Header.tsx(50,13): error TS7026: JSX element implicitly has type 'any' because no interface 'JSX.IntrinsicElements' exists.\nsrc/components/Header.tsx(57,7): error TS7026: JSX element implicitly has type 'any' because no interface 'JSX.IntrinsicElements' exists.\nsrc/components/Header.tsx(58,5): error TS7026: JSX element implicitly has type 'any' because no interface 'JSX.IntrinsicElements' exists.\nsrc/components/Layout.tsx(1,19): error TS2307: Cannot find module 'react' or its corresponding type declarations.\nsrc/components/Layout.tsx(2,43): error TS2307: Cannot find module 'react-router-dom' or its corresponding type declarations.\nsrc/components/Layout.tsx(5,25): error TS2307: Cannot find module './Sidebar' or its corresponding type declarations.\nsrc/components/Layout.tsx(6,39): error TS2307: Cannot find module './NotificationContainer' or its corresponding type declarations.\nsrc/components/Layout.tsx(7,32): error TS2307: Cannot find module './LoadingOverlay' or its corresponding type declarations.\nsrc/components/Layout.tsx(23,5): error TS7026: JSX element implicitly has type 'any' because no interface 'JSX.IntrinsicElements' exists.\nsrc/components/Layout.tsx(23,5): error TS2875: This JSX tag requires the module path 'react/jsx-runtime' to exist, but none could be found. Make sure you have types for the appropriate package installed.\nsrc/components/Layout.tsx(26,7): error TS7026: JSX element implicitly has type 'any' because no interface 'JSX.IntrinsicElements' exists.\nsrc/components/Layout.tsx(31,9): error TS7026: JSX element implicitly has type 'any' because no interface 'JSX.IntrinsicElements' exists.\nsrc/components/Layout.tsx(33,9): error TS7026: JSX element implicitly has type 'any' because no interface 'JSX.IntrinsicElements' exists.\nsrc/components/Layout.tsx(34,7): error TS7026: JSX element implicitly has type 'any' because no interface 'JSX.IntrinsicElements' exists.\nsrc/components/Layout.tsx(38,5): error TS7026: JSX element implicitly has type 'any' because no interface 'JSX.IntrinsicElements' exists.\nsrc/components/ProtectedRoute.tsx(1,19): error TS2307: Cannot find module 'react' or its corresponding type declarations.\nsrc/components/ProtectedRoute.tsx(2,47): error TS2307: Cannot find module 'react-router-dom' or its corresponding type declarations.\nsrc/components/ProtectedRoute.tsx(4,32): error TS2307: Cannot find module './LoadingSpinner' or its corresponding type declarations.\nsrc/components/ProtectedRoute.tsx(12,7): error TS7026: JSX element implicitly has type 'any' because no interface 'JSX.IntrinsicElements' exists.\nsrc/components/ProtectedRoute.tsx(12,7): error TS2875: This JSX tag requires the module path 'react/jsx-runtime' to exist, but none could be found. Make sure you have types for the appropriate package installed.\nsrc/components/ProtectedRoute.tsx(14,7): error TS7026: JSX element implicitly has type 'any' because no interface 'JSX.IntrinsicElements' exists.\nsrc/contexts/AuthContext.tsx(1,72): error TS2307: Cannot find module 'react' or its corresponding type declarations.\nsrc/contexts/AuthContext.tsx(46,10): error TS2875: This JSX tag requires the module path 'react/jsx-runtime' to exist, but none could be found. Make sure you have types for the appropriate package installed.\nsrc/contexts/ThemeContext.tsx(1,72): error TS2307: Cannot find module 'react' or its corresponding type declarations.\nsrc/contexts/ThemeContext.tsx(48,10): error TS2875: This JSX tag requires the module path 'react/jsx-runtime' to exist, but none could be found. Make sure you have types for the appropriate package installed.\nsrc/hooks/useAuth.ts(1,40): error TS2307: Cannot find module 'react' or its corresponding type declarations.\nsrc/hooks/useAuth.ts(2,29): error TS2307: Cannot find module 'react-router-dom' or its corresponding type declarations.\nsrc/hooks/useDebounce.ts(1,37): error TS2307: Cannot find module 'react' or its corresponding type declarations.\nsrc/hooks/useProducts.ts(1,55): error TS2307: Cannot find module '@tanstack/react-query' or its corresponding type declarations.\nsrc/hooks/useProducts.ts(56,17): error TS7006: Parameter '_' implicitly has an 'any' type.\nsrc/hooks/useProducts.ts(56,20): error TS7006: Parameter 'variables' implicitly has an 'any' type.\nsrc/hooks/useProducts.ts(76,52): error TS2304: Cannot find name 'useAppStore'.\nsrc/services/api.ts(1,70): error TS2307: Cannot find module 'axios' or its corresponding type declarations.\nsrc/services/api.ts(26,8): error TS7006: Parameter 'config' implicitly has an 'any' type.\nsrc/services/api.ts(33,8): error TS7006: Parameter 'error' implicitly has an 'any' type.\nsrc/services/api.ts(38,8): error TS7006: Parameter 'response' implicitly has an 'any' type.\nsrc/services/api.ts(115,26): error TS7006: Parameter 'progressEvent' implicitly has an 'any' type.\nsrc/store/index.ts(1,24): error TS2307: Cannot find module 'zustand' or its corresponding type declarations.\nsrc/store/index.ts(2,35): error TS2307: Cannot find module 'zustand/middleware' or its corresponding type declarations.\nsrc/store/index.ts(17,8): error TS7006: Parameter 'set' implicitly has an 'any' type.\nsrc/store/index.ts(17,13): error TS7006: Parameter 'get' implicitly has an 'any' type.\nsrc/store/index.ts(53,22): error TS7006: Parameter 'state' implicitly has an 'any' type.\nsrc/store/slices/authSlice.ts(1,30): error TS2307: Cannot find module 'zustand' or its corresponding type declarations.\nsrc/store/slices/authSlice.ts(38,52): error TS7006: Parameter 'set' implicitly has an 'any' type.\nsrc/store/slices/authSlice.ts(38,57): error TS7006: Parameter 'get' implicitly has an 'any' type.\nsrc/store/slices/authSlice.ts(41,17): error TS7006: Parameter 'email' implicitly has an 'any' type.\nsrc/store/slices/authSlice.ts(41,24): error TS7006: Parameter 'password' implicitly has an 'any' type.\nsrc/store/slices/authSlice.ts(79,20): error TS7006: Parameter 'data' implicitly has an 'any' type.\nsrc/store/slices/cartSlice.ts(1,30): error TS2307: Cannot find module 'zustand' or its corresponding type declarations.\nsrc/store/slices/cartSlice.ts(24,52): error TS7006: Parameter 'set' implicitly has an 'any' type.\nsrc/store/slices/cartSlice.ts(24,57): error TS7006: Parameter 'get' implicitly has an 'any' type.\nsrc/store/slices/cartSlice.ts(31,15): error TS7006: Parameter 'product' implicitly has an 'any' type.\nsrc/store/slices/cartSlice.ts(33,44): error TS7006: Parameter 'item' implicitly has an 'any' type.\nsrc/store/slices/cartSlice.ts(38,35): error TS7006: Parameter 'item' implicitly has an 'any' type.\nsrc/store/slices/cartSlice.ts(59,20): error TS7006: Parameter 'productId' implicitly has an 'any' type.\nsrc/store/slices/cartSlice.ts(60,46): error TS7006: Parameter 'item' implicitly has an 'any' type.\nsrc/store/slices/cartSlice.ts(62,36): error TS7006: Parameter 'sum' implicitly has an 'any' type.\nsrc/store/slices/cartSlice.ts(62,41): error TS7006: Parameter 'item' implicitly has an 'any' type.\nsrc/store/slices/cartSlice.ts(63,40): error TS7006: Parameter 'sum' implicitly has an 'any' type.\nsrc/store/slices/cartSlice.ts(63,45): error TS7006: Parameter 'item' implicitly has an 'any' type.\nsrc/store/slices/cartSlice.ts(74,20): error TS7006: Parameter 'productId' implicitly has an 'any' type.\nsrc/store/slices/cartSlice.ts(74,31): error TS7006: Parameter 'quantity' implicitly has an 'any' type.\nsrc/store/slices/cartSlice.ts(80,43): error TS7006: Parameter 'item' implicitly has an 'any' type.\nsrc/store/slices/cartSlice.ts(84,36): error TS7006: Parameter 'sum' implicitly has an 'any' type.\nsrc/store/slices/cartSlice.ts(84,41): error TS7006: Parameter 'item' implicitly has an 'any' type.\nsrc/store/slices/cartSlice.ts(85,40): error TS7006: Parameter 'sum' implicitly has an 'any' type.\nsrc/store/slices/cartSlice.ts(85,45): error TS7006: Parameter 'item' implicitly has an 'any' type.\nsrc/store/slices/productSlice.ts(1,30): error TS2307: Cannot find module 'zustand' or its corresponding type declarations.\nsrc/store/slices/productSlice.ts(48,58): error TS7006: Parameter 'set' implicitly has an 'any' type.\nsrc/store/slices/productSlice.ts(48,63): error TS7006: Parameter 'get' implicitly has an 'any' type.\nsrc/store/slices/productSlice.ts(98,28): error TS7006: Parameter 'id' implicitly has an 'any' type.\nsrc/store/slices/productSlice.ts(122,23): error TS7006: Parameter 'filters' implicitly has an 'any' type.\nsrc/store/slices/productSlice.ts(138,13): error TS7006: Parameter 'page' implicitly has an 'any' type.\nsrc/store/slices/uiSlice.ts(1,30): error TS2307: Cannot find module 'zustand' or its corresponding type declarations.\nsrc/store/slices/uiSlice.ts(32,48): error TS7006: Parameter 'set' implicitly has an 'any' type.\nsrc/store/slices/uiSlice.ts(32,53): error TS7006: Parameter 'get' implicitly has an 'any' type.\nsrc/store/slices/uiSlice.ts(43,14): error TS7006: Parameter 'theme' implicitly has an 'any' type.\nsrc/store/slices/uiSlice.ts(65,15): error TS7006: Parameter 'modalId' implicitly has an 'any' type.\nsrc/store/slices/uiSlice.ts(77,16): error TS7006: Parameter 'modalId' implicitly has an 'any' type.\nsrc/store/slices/uiSlice.ts(81,48): error TS7006: Parameter 'id' implicitly has an 'any' type.\nsrc/store/slices/uiSlice.ts(95,22): error TS7006: Parameter 'type' implicitly has an 'any' type.\nsrc/store/slices/uiSlice.ts(95,28): error TS7006: Parameter 'message' implicitly has an 'any' type.\nsrc/store/slices/uiSlice.ts(116,24): error TS7006: Parameter 'id' implicitly has an 'any' type.\nsrc/store/slices/uiSlice.ts(120,54): error TS7006: Parameter 'n' implicitly has an 'any' type.\nsrc/store/slices/uiSlice.ts(125,16): error TS7006: Parameter 'key' implicitly has an 'any' type.\nsrc/store/slices/uiSlice.ts(125,21): error TS7006: Parameter 'loading' implicitly has an 'any' type.\nsrc/store/slices/uiSlice.ts(137,22): error TS7006: Parameter 'loading' implicitly has an 'any' type.\nsrc/store/slices/userSlice.ts(1,30): error TS2307: Cannot find module 'zustand' or its corresponding type declarations.\nsrc/store/slices/userSlice.ts(31,52): error TS7006: Parameter 'set' implicitly has an 'any' type.\nsrc/store/slices/userSlice.ts(31,57): error TS7006: Parameter 'get' implicitly has an 'any' type.\nsrc/store/slices/userSlice.ts(61,29): error TS7006: Parameter 'updates' implicitly has an 'any' type.\nsrc/store/slices/userSlice.ts(85,24): error TS7006: Parameter 'file' implicitly has an 'any' type.\nsrc/store/slices/userSlice.ts(113,29): error TS7006: Parameter 'preferences' implicitly has an 'any' type.\n"
      },
      "structure": {
        "srcExists": true,
        "fileCount": 21,
        "files": [
          "App.tsx",
          "components/ErrorBoundary.tsx",
          "components/Header.tsx",
          "components/Layout.tsx",
          "components/ProtectedRoute.tsx",
          "contexts/AuthContext.tsx",
          "contexts/ThemeContext.tsx",
          "hooks/useAuth.ts",
          "hooks/useDebounce.ts",
          "hooks/useProducts.ts"
        ]
      },
      "analysisTest": null
    },
    {
      "name": "nestjs-app",
      "path": "/Users/hidenorigoto/work/middleofnowhere/call-structure-ts/examples/nestjs-app",
      "exists": true,
      "hasPackageJson": true,
      "hasTsConfig": true,
      "hasReadme": true,
      "tsCompilation": {
        "success": false,
        "output": "src/app.module.ts(1,24): error TS2307: Cannot find module '@nestjs/common' or its corresponding type declarations.\nsrc/app.module.ts(2,30): error TS2307: Cannot find module '@nestjs/config' or its corresponding type declarations.\nsrc/app.module.ts(3,31): error TS2307: Cannot find module '@nestjs/typeorm' or its corresponding type declarations.\nsrc/app.module.ts(4,31): error TS2307: Cannot find module './app.controller' or its corresponding type declarations.\nsrc/app.module.ts(5,28): error TS2307: Cannot find module './app.service' or its corresponding type declarations.\nsrc/app.module.ts(8,32): error TS2307: Cannot find module './modules/products/products.module' or its corresponding type declarations.\nsrc/app.module.ts(9,30): error TS2307: Cannot find module './modules/orders/orders.module' or its corresponding type declarations.\nsrc/app.module.ts(10,30): error TS2307: Cannot find module './common/common.module' or its corresponding type declarations.\nsrc/app.module.ts(11,32): error TS2307: Cannot find module './config/database.config' or its corresponding type declarations.\nsrc/app.module.ts(12,27): error TS2307: Cannot find module './config/app.config' or its corresponding type declarations.\nsrc/common/decorators/public.decorator.ts(1,29): error TS2307: Cannot find module '@nestjs/common' or its corresponding type declarations.\nsrc/common/decorators/roles.decorator.ts(1,29): error TS2307: Cannot find module '@nestjs/common' or its corresponding type declarations.\nsrc/common/decorators/roles.decorator.ts(2,22): error TS2307: Cannot find module '../enums/role.enum' or its corresponding type declarations.\nsrc/common/interceptors/logging.interceptor.ts(7,8): error TS2307: Cannot find module '@nestjs/common' or its corresponding type declarations.\nsrc/common/interceptors/transform.interceptor.ts(6,8): error TS2307: Cannot find module '@nestjs/common' or its corresponding type declarations.\nsrc/main.ts(1,29): error TS2307: Cannot find module '@nestjs/core' or its corresponding type declarations.\nsrc/main.ts(2,40): error TS2307: Cannot find module '@nestjs/common' or its corresponding type declarations.\nsrc/main.ts(3,48): error TS2307: Cannot find module '@nestjs/swagger' or its corresponding type declarations.\nsrc/main.ts(5,37): error TS2307: Cannot find module './common/filters/http-exception.filter' or its corresponding type declarations.\nsrc/modules/auth/auth.controller.ts(10,8): error TS2307: Cannot find module '@nestjs/common' or its corresponding type declarations.\nsrc/modules/auth/auth.controller.ts(11,67): error TS2307: Cannot find module '@nestjs/swagger' or its corresponding type declarations.\nsrc/modules/auth/auth.controller.ts(13,32): error TS2307: Cannot find module './guards/local-auth.guard' or its corresponding type declarations.\nsrc/modules/auth/auth.controller.ts(14,30): error TS2307: Cannot find module './guards/jwt-auth.guard' or its corresponding type declarations.\nsrc/modules/auth/auth.controller.ts(16,26): error TS2307: Cannot find module './dto/login.dto' or its corresponding type declarations.\nsrc/modules/auth/auth.controller.ts(17,29): error TS2307: Cannot find module './dto/register.dto' or its corresponding type declarations.\nsrc/modules/auth/auth.controller.ts(18,33): error TS2307: Cannot find module './dto/refresh-token.dto' or its corresponding type declarations.\nsrc/modules/auth/auth.controller.ts(19,33): error TS2307: Cannot find module './dto/auth-response.dto' or its corresponding type declarations.\nsrc/modules/auth/auth.module.ts(1,24): error TS2307: Cannot find module '@nestjs/common' or its corresponding type declarations.\nsrc/modules/auth/auth.module.ts(2,27): error TS2307: Cannot find module '@nestjs/jwt' or its corresponding type declarations.\nsrc/modules/auth/auth.module.ts(3,32): error TS2307: Cannot find module '@nestjs/passport' or its corresponding type declarations.\nsrc/modules/auth/auth.module.ts(4,45): error TS2307: Cannot find module '@nestjs/config' or its corresponding type declarations.\nsrc/modules/auth/auth.module.ts(8,29): error TS2307: Cannot find module './strategies/jwt.strategy' or its corresponding type declarations.\nsrc/modules/auth/auth.module.ts(9,31): error TS2307: Cannot find module './strategies/local.strategy' or its corresponding type declarations.\nsrc/modules/auth/auth.service.ts(1,70): error TS2307: Cannot find module '@nestjs/common' or its corresponding type declarations.\nsrc/modules/auth/auth.service.ts(2,28): error TS2307: Cannot find module '@nestjs/jwt' or its corresponding type declarations.\nsrc/modules/auth/auth.service.ts(3,31): error TS2307: Cannot find module '@nestjs/config' or its corresponding type declarations.\nsrc/modules/auth/auth.service.ts(4,25): error TS2307: Cannot find module 'bcrypt' or its corresponding type declarations.\nsrc/modules/auth/auth.service.ts(6,29): error TS2307: Cannot find module './dto/register.dto' or its corresponding type declarations.\nsrc/modules/auth/auth.service.ts(7,33): error TS2307: Cannot find module './dto/auth-response.dto' or its corresponding type declarations.\nsrc/modules/auth/auth.service.ts(8,22): error TS2307: Cannot find module '../users/entities/user.entity' or its corresponding type declarations.\nsrc/modules/auth/auth.service.ts(9,30): error TS2307: Cannot find module '../../common/services/cache.service' or its corresponding type declarations.\nsrc/modules/auth/auth.service.ts(10,29): error TS2307: Cannot find module '../../common/services/mail.service' or its corresponding type declarations.\nsrc/modules/users/users.controller.ts(15,8): error TS2307: Cannot find module '@nestjs/common' or its corresponding type declarations.\nsrc/modules/users/users.controller.ts(16,67): error TS2307: Cannot find module '@nestjs/swagger' or its corresponding type declarations.\nsrc/modules/users/users.controller.ts(18,31): error TS2307: Cannot find module './dto/create-user.dto' or its corresponding type declarations.\nsrc/modules/users/users.controller.ts(19,31): error TS2307: Cannot find module './dto/update-user.dto' or its corresponding type declarations.\nsrc/modules/users/users.controller.ts(20,30): error TS2307: Cannot find module '../auth/guards/jwt-auth.guard' or its corresponding type declarations.\nsrc/modules/users/users.controller.ts(21,28): error TS2307: Cannot find module '../../common/guards/roles.guard' or its corresponding type declarations.\nsrc/modules/users/users.controller.ts(23,22): error TS2307: Cannot find module '../../common/enums/role.enum' or its corresponding type declarations.\nsrc/modules/users/users.controller.ts(24,31): error TS2307: Cannot find module '../../common/dto/pagination.dto' or its corresponding type declarations.\nsrc/modules/users/users.module.ts(1,24): error TS2307: Cannot find module '@nestjs/common' or its corresponding type declarations.\nsrc/modules/users/users.module.ts(2,31): error TS2307: Cannot find module '@nestjs/typeorm' or its corresponding type declarations.\nsrc/modules/users/users.module.ts(5,22): error TS2307: Cannot find module './entities/user.entity' or its corresponding type declarations.\nsrc/modules/users/users.module.ts(6,29): error TS2307: Cannot find module '../../common/cache/cache.module' or its corresponding type declarations.\nsrc/modules/users/users.service.ts(1,66): error TS2307: Cannot find module '@nestjs/common' or its corresponding type declarations.\nsrc/modules/users/users.service.ts(2,34): error TS2307: Cannot find module '@nestjs/typeorm' or its corresponding type declarations.\nsrc/modules/users/users.service.ts(3,28): error TS2307: Cannot find module 'typeorm' or its corresponding type declarations.\nsrc/modules/users/users.service.ts(4,22): error TS2307: Cannot find module './entities/user.entity' or its corresponding type declarations.\nsrc/modules/users/users.service.ts(5,31): error TS2307: Cannot find module './dto/create-user.dto' or its corresponding type declarations.\nsrc/modules/users/users.service.ts(6,31): error TS2307: Cannot find module './dto/update-user.dto' or its corresponding type declarations.\nsrc/modules/users/users.service.ts(7,31): error TS2307: Cannot find module '../../common/dto/pagination.dto' or its corresponding type declarations.\nsrc/modules/users/users.service.ts(8,30): error TS2307: Cannot find module '../../common/services/cache.service' or its corresponding type declarations.\nsrc/modules/users/users.service.ts(9,25): error TS2307: Cannot find module 'bcrypt' or its corresponding type declarations.\n"
      },
      "structure": {
        "srcExists": true,
        "fileCount": 12,
        "files": [
          "app.module.ts",
          "main.ts",
          "common/decorators/public.decorator.ts",
          "common/decorators/roles.decorator.ts",
          "common/interceptors/logging.interceptor.ts",
          "common/interceptors/transform.interceptor.ts",
          "modules/auth/auth.controller.ts",
          "modules/auth/auth.module.ts",
          "modules/auth/auth.service.ts",
          "modules/users/users.controller.ts"
        ]
      },
      "analysisTest": null
    },
    {
      "name": "performance-optimization",
      "path": "/Users/hidenorigoto/work/middleofnowhere/call-structure-ts/examples/performance-optimization",
      "exists": true,
      "hasPackageJson": true,
      "hasTsConfig": true,
      "hasReadme": true,
      "tsCompilation": {
        "success": true
      },
      "structure": {
        "srcExists": true,
        "fileCount": 14,
        "files": [
          "index.ts",
          "cache/cache-manager.ts",
          "config/index.ts",
          "database/connection.ts",
          "external/api-client.ts",
          "monitoring/metrics-collector.ts",
          "monitoring/progress-tracker.ts",
          "processors/data-processor.ts",
          "services/large-service.ts",
          "transformers/data-transformer.ts"
        ]
      },
      "analysisTest": null
    }
  ]
}
